Build started 20/03/2017 15:57:24.
     1>Project "H:\OOT_2\OOT_2\OOT_2\OOT_2.vcxproj" on node 2 (Build target(s)).
     1>ClCompile:
         C:\Program Files (x86)\Microsoft Visual Studio 11.0\VC\bin\CL.exe /c /ISDL2.lib /ISDL2main.lib /Zi /nologo /W3 /WX- /O2 /Oi /Oy- /GL /D _MBCS /Gm- /EHsc /MD /GS /Gy /fp:precise /Zc:wchar_t /Zc:forScope /openmp /Fo"Release\\" /Fd"Release\vc110.pdb" /Gd /TP /analyze- /errorReport:prompt ParticleSystem.cpp
         ParticleSystem.cpp
     1>ParticleSystem.cpp(31): warning C4018: '<' : signed/unsigned mismatch
     1>ParticleSystem.cpp(63): warning C4018: '<' : signed/unsigned mismatch
     1>ParticleSystem.cpp(69): warning C4018: '<' : signed/unsigned mismatch
       Link:
         C:\Program Files (x86)\Microsoft Visual Studio 11.0\VC\bin\link.exe /ERRORREPORT:PROMPT /OUT:"H:\OOT_2\OOT_2\Release\OOT_2.exe" /NOLOGO SDL2.lib SDL2main.lib kernel32.lib user32.lib gdi32.lib winspool.lib comdlg32.lib advapi32.lib shell32.lib ole32.lib oleaut32.lib uuid.lib odbc32.lib odbccp32.lib /MANIFEST /MANIFESTUAC:"level='asInvoker' uiAccess='false'" /manifest:embed /DEBUG /PDB:"H:\OOT_2\OOT_2\Release\OOT_2.pdb" /OPT:REF /OPT:ICF /LTCG /TLBID:1 /DYNAMICBASE /NXCOMPAT /IMPLIB:"H:\OOT_2\OOT_2\Release\OOT_2.lib" /MACHINE:X86 /SAFESEH Release\DataHandler.obj
         Release\HashTable.obj
         Release\List.obj
         Release\main.obj
         Release\Particle.obj
         Release\ParticleSystem.obj
         Release\DB.obj
         Release\ErrLog.obj
         Release\sqlite3.obj
         Generating code
         Finished generating code
         OOT_2.vcxproj -> H:\OOT_2\OOT_2\Release\OOT_2.exe
     1>Done Building Project "H:\OOT_2\OOT_2\OOT_2\OOT_2.vcxproj" (Build target(s)).

Build succeeded.

Time Elapsed 00:00:10.42
